{"/home/ct-20032/Documents/Clustox ATS/frontend/src/api/client.js": {"path":"/home/ct-20032/Documents/Clustox ATS/frontend/src/api/client.js","statementMap":{"0":{"start":{"line":3,"column":28},"end":{"line":3,"column":83}},"1":{"start":{"line":5,"column":15},"end":{"line":10,"column":2}},"2":{"start":{"line":12,"column":0},"end":{"line":23,"column":null}},"3":{"start":{"line":14,"column":22},"end":{"line":14,"column":51}},"4":{"start":{"line":15,"column":8},"end":{"line":17,"column":null}},"5":{"start":{"line":16,"column":12},"end":{"line":16,"column":null}},"6":{"start":{"line":18,"column":8},"end":{"line":18,"column":null}},"7":{"start":{"line":21,"column":8},"end":{"line":21,"column":null}},"8":{"start":{"line":27,"column":0},"end":{"line":41,"column":null}},"9":{"start":{"line":28,"column":18},"end":{"line":28,"column":26}},"10":{"start":{"line":30,"column":8},"end":{"line":38,"column":null}},"11":{"start":{"line":33,"column":29},"end":{"line":33,"column":60}},"12":{"start":{"line":34,"column":12},"end":{"line":37,"column":null}},"13":{"start":{"line":35,"column":16},"end":{"line":35,"column":null}},"14":{"start":{"line":36,"column":16},"end":{"line":36,"column":null}},"15":{"start":{"line":39,"column":8},"end":{"line":39,"column":null}}},"fnMap":{"0":{"name":"(anonymous_0)","decl":{"start":{"line":13,"column":4},"end":{"line":13,"column":5}},"loc":{"start":{"line":13,"column":16},"end":{"line":19,"column":5}},"line":13},"1":{"name":"(anonymous_1)","decl":{"start":{"line":20,"column":4},"end":{"line":20,"column":5}},"loc":{"start":{"line":20,"column":15},"end":{"line":22,"column":null}},"line":20},"2":{"name":"(anonymous_2)","decl":{"start":{"line":28,"column":4},"end":{"line":28,"column":5}},"loc":{"start":{"line":28,"column":18},"end":{"line":28,"column":26}},"line":28},"3":{"name":"(anonymous_3)","decl":{"start":{"line":29,"column":4},"end":{"line":29,"column":5}},"loc":{"start":{"line":29,"column":15},"end":{"line":40,"column":null}},"line":29}},"branchMap":{"0":{"loc":{"start":{"line":3,"column":28},"end":{"line":3,"column":83}},"type":"binary-expr","locations":[{"start":{"line":3,"column":28},"end":{"line":3,"column":56}},{"start":{"line":3,"column":60},"end":{"line":3,"column":83}}],"line":3},"1":{"loc":{"start":{"line":15,"column":8},"end":{"line":17,"column":null}},"type":"if","locations":[{"start":{"line":15,"column":8},"end":{"line":17,"column":null}},{"start":{},"end":{}}],"line":15},"2":{"loc":{"start":{"line":30,"column":8},"end":{"line":38,"column":null}},"type":"if","locations":[{"start":{"line":30,"column":8},"end":{"line":38,"column":null}},{"start":{},"end":{}}],"line":30},"3":{"loc":{"start":{"line":34,"column":12},"end":{"line":37,"column":null}},"type":"if","locations":[{"start":{"line":34,"column":12},"end":{"line":37,"column":null}},{"start":{},"end":{}}],"line":34}},"s":{"0":1,"1":1,"2":1,"3":0,"4":0,"5":0,"6":0,"7":0,"8":1,"9":0,"10":0,"11":0,"12":0,"13":0,"14":0,"15":0},"f":{"0":0,"1":0,"2":0,"3":0},"b":{"0":[1,0],"1":[0,0],"2":[0,0],"3":[0,0]},"meta":{"lastBranch":4,"lastFunction":4,"lastStatement":16,"seen":{"s:3:28:3:83":0,"b:3:28:3:56:3:60:3:83":0,"s:5:15:10:2":1,"s:12:0:23:Infinity":2,"f:13:4:13:5":0,"s:14:22:14:51":3,"b:15:8:17:Infinity:undefined:undefined:undefined:undefined":1,"s:15:8:17:Infinity":4,"s:16:12:16:Infinity":5,"s:18:8:18:Infinity":6,"f:20:4:20:5":1,"s:21:8:21:Infinity":7,"s:27:0:41:Infinity":8,"f:28:4:28:5":2,"s:28:18:28:26":9,"f:29:4:29:5":3,"b:30:8:38:Infinity:undefined:undefined:undefined:undefined":2,"s:30:8:38:Infinity":10,"s:33:29:33:60":11,"b:34:12:37:Infinity:undefined:undefined:undefined:undefined":3,"s:34:12:37:Infinity":12,"s:35:16:35:Infinity":13,"s:36:16:36:Infinity":14,"s:39:8:39:Infinity":15}}}
,"/home/ct-20032/Documents/Clustox ATS/frontend/src/pages/JobDetail.jsx": {"path":"/home/ct-20032/Documents/Clustox ATS/frontend/src/pages/JobDetail.jsx","statementMap":{"0":{"start":{"line":16,"column":18},"end":{"line":611,"column":null}},"1":{"start":{"line":17,"column":15},"end":{"line":17,"column":null}},"2":{"start":{"line":18,"column":10},"end":{"line":18,"column":null}},"3":{"start":{"line":19,"column":17},"end":{"line":19,"column":null}},"4":{"start":{"line":20,"column":22},"end":{"line":20,"column":null}},"5":{"start":{"line":21,"column":36},"end":{"line":21,"column":null}},"6":{"start":{"line":22,"column":30},"end":{"line":22,"column":null}},"7":{"start":{"line":23,"column":34},"end":{"line":23,"column":null}},"8":{"start":{"line":24,"column":60},"end":{"line":24,"column":null}},"9":{"start":{"line":25,"column":56},"end":{"line":25,"column":null}},"10":{"start":{"line":26,"column":40},"end":{"line":26,"column":null}},"11":{"start":{"line":27,"column":10},"end":{"line":27,"column":null}},"12":{"start":{"line":30,"column":44},"end":{"line":30,"column":null}},"13":{"start":{"line":31,"column":44},"end":{"line":31,"column":null}},"14":{"start":{"line":33,"column":30},"end":{"line":40,"column":null}},"15":{"start":{"line":42,"column":25},"end":{"line":49,"column":null}},"16":{"start":{"line":43,"column":8},"end":{"line":48,"column":null}},"17":{"start":{"line":44,"column":12},"end":{"line":44,"column":null}},"18":{"start":{"line":44,"column":37},"end":{"line":44,"column":null}},"19":{"start":{"line":45,"column":12},"end":{"line":45,"column":null}},"20":{"start":{"line":45,"column":57},"end":{"line":45,"column":66}},"21":{"start":{"line":47,"column":12},"end":{"line":47,"column":null}},"22":{"start":{"line":51,"column":28},"end":{"line":60,"column":null}},"23":{"start":{"line":62,"column":10},"end":{"line":62,"column":null}},"24":{"start":{"line":64,"column":4},"end":{"line":70,"column":null}},"25":{"start":{"line":65,"column":23},"end":{"line":65,"column":null}},"26":{"start":{"line":66,"column":20},"end":{"line":66,"column":null}},"27":{"start":{"line":67,"column":8},"end":{"line":69,"column":null}},"28":{"start":{"line":68,"column":12},"end":{"line":68,"column":null}},"29":{"start":{"line":72,"column":4},"end":{"line":77,"column":null}},"30":{"start":{"line":74,"column":8},"end":{"line":76,"column":null}},"31":{"start":{"line":75,"column":12},"end":{"line":75,"column":null}},"32":{"start":{"line":79,"column":4},"end":{"line":91,"column":null}},"33":{"start":{"line":80,"column":25},"end":{"line":89,"column":null}},"34":{"start":{"line":81,"column":12},"end":{"line":88,"column":null}},"35":{"start":{"line":82,"column":29},"end":{"line":82,"column":null}},"36":{"start":{"line":83,"column":16},"end":{"line":83,"column":null}},"37":{"start":{"line":85,"column":16},"end":{"line":85,"column":null}},"38":{"start":{"line":87,"column":16},"end":{"line":87,"column":null}},"39":{"start":{"line":90,"column":8},"end":{"line":90,"column":null}},"40":{"start":{"line":93,"column":4},"end":{"line":105,"column":null}},"41":{"start":{"line":94,"column":8},"end":{"line":104,"column":null}},"42":{"start":{"line":95,"column":36},"end":{"line":102,"column":null}},"43":{"start":{"line":96,"column":16},"end":{"line":101,"column":null}},"44":{"start":{"line":97,"column":33},"end":{"line":97,"column":null}},"45":{"start":{"line":98,"column":20},"end":{"line":98,"column":null}},"46":{"start":{"line":100,"column":20},"end":{"line":100,"column":null}},"47":{"start":{"line":103,"column":12},"end":{"line":103,"column":null}},"48":{"start":{"line":107,"column":32},"end":{"line":110,"column":null}},"49":{"start":{"line":108,"column":8},"end":{"line":108,"column":null}},"50":{"start":{"line":109,"column":8},"end":{"line":109,"column":null}},"51":{"start":{"line":112,"column":38},"end":{"line":117,"column":null}},"52":{"start":{"line":114,"column":8},"end":{"line":116,"column":null}},"53":{"start":{"line":114,"column":30},"end":{"line":116,"column":9}},"54":{"start":{"line":115,"column":12},"end":{"line":115,"column":null}},"55":{"start":{"line":119,"column":33},"end":{"line":126,"column":null}},"56":{"start":{"line":120,"column":8},"end":{"line":125,"column":null}},"57":{"start":{"line":121,"column":12},"end":{"line":121,"column":null}},"58":{"start":{"line":122,"column":12},"end":{"line":122,"column":null}},"59":{"start":{"line":122,"column":28},"end":{"line":122,"column":68}},"60":{"start":{"line":124,"column":12},"end":{"line":124,"column":null}},"61":{"start":{"line":128,"column":32},"end":{"line":143,"column":null}},"62":{"start":{"line":129,"column":8},"end":{"line":129,"column":null}},"63":{"start":{"line":131,"column":8},"end":{"line":135,"column":null}},"64":{"start":{"line":131,"column":30},"end":{"line":135,"column":9}},"65":{"start":{"line":132,"column":12},"end":{"line":134,"column":null}},"66":{"start":{"line":137,"column":8},"end":{"line":142,"column":null}},"67":{"start":{"line":138,"column":12},"end":{"line":138,"column":null}},"68":{"start":{"line":140,"column":12},"end":{"line":140,"column":null}},"69":{"start":{"line":145,"column":24},"end":{"line":152,"column":null}},"70":{"start":{"line":146,"column":8},"end":{"line":151,"column":null}},"71":{"start":{"line":147,"column":27},"end":{"line":147,"column":null}},"72":{"start":{"line":148,"column":12},"end":{"line":148,"column":null}},"73":{"start":{"line":150,"column":12},"end":{"line":150,"column":null}},"74":{"start":{"line":154,"column":25},"end":{"line":165,"column":null}},"75":{"start":{"line":155,"column":8},"end":{"line":157,"column":null}},"76":{"start":{"line":156,"column":12},"end":{"line":156,"column":null}},"77":{"start":{"line":158,"column":8},"end":{"line":164,"column":null}},"78":{"start":{"line":159,"column":12},"end":{"line":159,"column":null}},"79":{"start":{"line":160,"column":12},"end":{"line":160,"column":null}},"80":{"start":{"line":162,"column":12},"end":{"line":162,"column":null}},"81":{"start":{"line":163,"column":12},"end":{"line":163,"column":null}},"82":{"start":{"line":167,"column":31},"end":{"line":182,"column":null}},"83":{"start":{"line":168,"column":26},"end":{"line":168,"column":null}},"84":{"start":{"line":169,"column":23},"end":{"line":169,"column":null}},"85":{"start":{"line":171,"column":8},"end":{"line":173,"column":null}},"86":{"start":{"line":172,"column":12},"end":{"line":172,"column":null}},"87":{"start":{"line":175,"column":8},"end":{"line":181,"column":null}},"88":{"start":{"line":176,"column":31},"end":{"line":176,"column":null}},"89":{"start":{"line":177,"column":12},"end":{"line":177,"column":null}},"90":{"start":{"line":179,"column":12},"end":{"line":179,"column":null}},"91":{"start":{"line":180,"column":12},"end":{"line":180,"column":null}},"92":{"start":{"line":184,"column":34},"end":{"line":205,"column":null}},"93":{"start":{"line":185,"column":8},"end":{"line":187,"column":null}},"94":{"start":{"line":186,"column":12},"end":{"line":186,"column":null}},"95":{"start":{"line":190,"column":8},"end":{"line":190,"column":null}},"96":{"start":{"line":190,"column":30},"end":{"line":190,"column":82}},"97":{"start":{"line":190,"column":49},"end":{"line":190,"column":81}},"98":{"start":{"line":192,"column":8},"end":{"line":204,"column":null}},"99":{"start":{"line":193,"column":12},"end":{"line":193,"column":null}},"100":{"start":{"line":195,"column":12},"end":{"line":195,"column":null}},"101":{"start":{"line":196,"column":12},"end":{"line":196,"column":null}},"102":{"start":{"line":198,"column":12},"end":{"line":203,"column":null}},"103":{"start":{"line":199,"column":29},"end":{"line":199,"column":null}},"104":{"start":{"line":200,"column":16},"end":{"line":200,"column":null}},"105":{"start":{"line":202,"column":16},"end":{"line":202,"column":null}},"106":{"start":{"line":207,"column":4},"end":{"line":207,"column":null}},"107":{"start":{"line":207,"column":17},"end":{"line":207,"column":null}},"108":{"start":{"line":208,"column":4},"end":{"line":208,"column":null}},"109":{"start":{"line":208,"column":14},"end":{"line":208,"column":null}},"110":{"start":{"line":210,"column":4},"end":{"line":609,"column":null}},"111":{"start":{"line":250,"column":51},"end":{"line":250,"column":null}},"112":{"start":{"line":268,"column":39},"end":{"line":268,"column":null}},"113":{"start":{"line":276,"column":39},"end":{"line":276,"column":null}},"114":{"start":{"line":285,"column":43},"end":{"line":285,"column":null}},"115":{"start":{"line":294,"column":39},"end":{"line":294,"column":null}},"116":{"start":{"line":302,"column":39},"end":{"line":302,"column":null}},"117":{"start":{"line":311,"column":43},"end":{"line":311,"column":null}},"118":{"start":{"line":365,"column":40},"end":{"line":367,"column":null}},"119":{"start":{"line":383,"column":55},"end":{"line":383,"column":null}},"120":{"start":{"line":393,"column":63},"end":{"line":393,"column":null}},"121":{"start":{"line":400,"column":52},"end":{"line":408,"column":null}},"122":{"start":{"line":404,"column":76},"end":{"line":404,"column":null}},"123":{"start":{"line":447,"column":69},"end":{"line":447,"column":null}},"124":{"start":{"line":448,"column":65},"end":{"line":451,"column":null}},"125":{"start":{"line":449,"column":52},"end":{"line":449,"column":null}},"126":{"start":{"line":450,"column":52},"end":{"line":450,"column":null}},"127":{"start":{"line":453,"column":48},"end":{"line":479,"column":null}},"128":{"start":{"line":456,"column":56},"end":{"line":458,"column":null}},"129":{"start":{"line":457,"column":60},"end":{"line":457,"column":null}},"130":{"start":{"line":460,"column":56},"end":{"line":460,"column":null}},"131":{"start":{"line":460,"column":72},"end":{"line":460,"column":null}},"132":{"start":{"line":461,"column":56},"end":{"line":461,"column":null}},"133":{"start":{"line":461,"column":72},"end":{"line":461,"column":null}},"134":{"start":{"line":463,"column":70},"end":{"line":463,"column":null}},"135":{"start":{"line":464,"column":70},"end":{"line":464,"column":null}},"136":{"start":{"line":465,"column":56},"end":{"line":465,"column":null}},"137":{"start":{"line":468,"column":56},"end":{"line":478,"column":null}},"138":{"start":{"line":476,"column":76},"end":{"line":476,"column":null}},"139":{"start":{"line":477,"column":135},"end":{"line":477,"column":162}},"140":{"start":{"line":565,"column":55},"end":{"line":565,"column":null}},"141":{"start":{"line":565,"column":76},"end":{"line":565,"column":78}},"142":{"start":{"line":574,"column":65},"end":{"line":574,"column":89}},"143":{"start":{"line":574,"column":89},"end":{"line":574,"column":104}},"144":{"start":{"line":583,"column":69},"end":{"line":583,"column":93}},"145":{"start":{"line":583,"column":93},"end":{"line":583,"column":109}},"146":{"start":{"line":602,"column":31},"end":{"line":602,"column":null}}},"fnMap":{"0":{"name":"(anonymous_0)","decl":{"start":{"line":16,"column":18},"end":{"line":16,"column":24}},"loc":{"start":{"line":16,"column":24},"end":{"line":611,"column":null}},"line":16},"1":{"name":"(anonymous_1)","decl":{"start":{"line":42,"column":25},"end":{"line":42,"column":26}},"loc":{"start":{"line":42,"column":34},"end":{"line":49,"column":null}},"line":42},"2":{"name":"(anonymous_2)","decl":{"start":{"line":45,"column":52},"end":{"line":45,"column":57}},"loc":{"start":{"line":45,"column":57},"end":{"line":45,"column":66}},"line":45},"3":{"name":"(anonymous_3)","decl":{"start":{"line":64,"column":14},"end":{"line":64,"column":20}},"loc":{"start":{"line":64,"column":20},"end":{"line":70,"column":7}},"line":64},"4":{"name":"(anonymous_4)","decl":{"start":{"line":72,"column":14},"end":{"line":72,"column":20}},"loc":{"start":{"line":72,"column":20},"end":{"line":77,"column":7}},"line":72},"5":{"name":"(anonymous_5)","decl":{"start":{"line":79,"column":14},"end":{"line":79,"column":20}},"loc":{"start":{"line":79,"column":20},"end":{"line":91,"column":7}},"line":79},"6":{"name":"(anonymous_6)","decl":{"start":{"line":80,"column":25},"end":{"line":80,"column":37}},"loc":{"start":{"line":80,"column":37},"end":{"line":89,"column":null}},"line":80},"7":{"name":"(anonymous_7)","decl":{"start":{"line":93,"column":14},"end":{"line":93,"column":20}},"loc":{"start":{"line":93,"column":20},"end":{"line":105,"column":7}},"line":93},"8":{"name":"(anonymous_8)","decl":{"start":{"line":95,"column":36},"end":{"line":95,"column":48}},"loc":{"start":{"line":95,"column":48},"end":{"line":102,"column":null}},"line":95},"9":{"name":"(anonymous_9)","decl":{"start":{"line":107,"column":32},"end":{"line":107,"column":33}},"loc":{"start":{"line":107,"column":41},"end":{"line":110,"column":null}},"line":107},"10":{"name":"(anonymous_10)","decl":{"start":{"line":112,"column":38},"end":{"line":112,"column":39}},"loc":{"start":{"line":112,"column":54},"end":{"line":117,"column":null}},"line":112},"11":{"name":"(anonymous_11)","decl":{"start":{"line":114,"column":22},"end":{"line":114,"column":30}},"loc":{"start":{"line":114,"column":30},"end":{"line":116,"column":9}},"line":114},"12":{"name":"(anonymous_12)","decl":{"start":{"line":114,"column":39},"end":{"line":114,"column":null}},"loc":{"start":{"line":115,"column":12},"end":{"line":115,"column":null}},"line":115},"13":{"name":"(anonymous_13)","decl":{"start":{"line":119,"column":33},"end":{"line":119,"column":40}},"loc":{"start":{"line":119,"column":54},"end":{"line":126,"column":null}},"line":119},"14":{"name":"(anonymous_14)","decl":{"start":{"line":122,"column":19},"end":{"line":122,"column":28}},"loc":{"start":{"line":122,"column":28},"end":{"line":122,"column":68}},"line":122},"15":{"name":"(anonymous_15)","decl":{"start":{"line":128,"column":32},"end":{"line":128,"column":39}},"loc":{"start":{"line":128,"column":65},"end":{"line":143,"column":null}},"line":128},"16":{"name":"(anonymous_16)","decl":{"start":{"line":131,"column":22},"end":{"line":131,"column":30}},"loc":{"start":{"line":131,"column":30},"end":{"line":135,"column":9}},"line":131},"17":{"name":"(anonymous_17)","decl":{"start":{"line":131,"column":39},"end":{"line":131,"column":null}},"loc":{"start":{"line":132,"column":12},"end":{"line":134,"column":null}},"line":132},"18":{"name":"(anonymous_18)","decl":{"start":{"line":145,"column":24},"end":{"line":145,"column":36}},"loc":{"start":{"line":145,"column":36},"end":{"line":152,"column":null}},"line":145},"19":{"name":"(anonymous_19)","decl":{"start":{"line":154,"column":25},"end":{"line":154,"column":37}},"loc":{"start":{"line":154,"column":37},"end":{"line":165,"column":null}},"line":154},"20":{"name":"(anonymous_20)","decl":{"start":{"line":167,"column":31},"end":{"line":167,"column":43}},"loc":{"start":{"line":167,"column":43},"end":{"line":182,"column":null}},"line":167},"21":{"name":"(anonymous_21)","decl":{"start":{"line":184,"column":34},"end":{"line":184,"column":41}},"loc":{"start":{"line":184,"column":57},"end":{"line":205,"column":null}},"line":184},"22":{"name":"(anonymous_22)","decl":{"start":{"line":190,"column":22},"end":{"line":190,"column":30}},"loc":{"start":{"line":190,"column":30},"end":{"line":190,"column":82}},"line":190},"23":{"name":"(anonymous_23)","decl":{"start":{"line":190,"column":42},"end":{"line":190,"column":49}},"loc":{"start":{"line":190,"column":49},"end":{"line":190,"column":81}},"line":190},"24":{"name":"(anonymous_24)","decl":{"start":{"line":250,"column":45},"end":{"line":250,"column":51}},"loc":{"start":{"line":250,"column":51},"end":{"line":250,"column":null}},"line":250},"25":{"name":"(anonymous_25)","decl":{"start":{"line":268,"column":33},"end":{"line":268,"column":39}},"loc":{"start":{"line":268,"column":39},"end":{"line":268,"column":null}},"line":268},"26":{"name":"(anonymous_26)","decl":{"start":{"line":276,"column":33},"end":{"line":276,"column":39}},"loc":{"start":{"line":276,"column":39},"end":{"line":276,"column":null}},"line":276},"27":{"name":"(anonymous_27)","decl":{"start":{"line":285,"column":37},"end":{"line":285,"column":43}},"loc":{"start":{"line":285,"column":43},"end":{"line":285,"column":null}},"line":285},"28":{"name":"(anonymous_28)","decl":{"start":{"line":294,"column":33},"end":{"line":294,"column":39}},"loc":{"start":{"line":294,"column":39},"end":{"line":294,"column":null}},"line":294},"29":{"name":"(anonymous_29)","decl":{"start":{"line":302,"column":33},"end":{"line":302,"column":39}},"loc":{"start":{"line":302,"column":39},"end":{"line":302,"column":null}},"line":302},"30":{"name":"(anonymous_30)","decl":{"start":{"line":311,"column":37},"end":{"line":311,"column":43}},"loc":{"start":{"line":311,"column":43},"end":{"line":311,"column":null}},"line":311},"31":{"name":"(anonymous_31)","decl":{"start":{"line":364,"column":66},"end":{"line":364,"column":null}},"loc":{"start":{"line":365,"column":40},"end":{"line":367,"column":null}},"line":365},"32":{"name":"(anonymous_32)","decl":{"start":{"line":383,"column":49},"end":{"line":383,"column":55}},"loc":{"start":{"line":383,"column":55},"end":{"line":383,"column":null}},"line":383},"33":{"name":"(anonymous_33)","decl":{"start":{"line":393,"column":57},"end":{"line":393,"column":63}},"loc":{"start":{"line":393,"column":63},"end":{"line":393,"column":null}},"line":393},"34":{"name":"(anonymous_34)","decl":{"start":{"line":399,"column":87},"end":{"line":399,"column":88}},"loc":{"start":{"line":400,"column":52},"end":{"line":408,"column":null}},"line":400},"35":{"name":"(anonymous_35)","decl":{"start":{"line":404,"column":70},"end":{"line":404,"column":76}},"loc":{"start":{"line":404,"column":76},"end":{"line":404,"column":null}},"line":404},"36":{"name":"(anonymous_36)","decl":{"start":{"line":445,"column":45},"end":{"line":445,"column":51}},"loc":{"start":{"line":445,"column":51},"end":{"line":480,"column":47}},"line":445},"37":{"name":"(anonymous_37)","decl":{"start":{"line":448,"column":85},"end":{"line":448,"column":86}},"loc":{"start":{"line":448,"column":101},"end":{"line":451,"column":51}},"line":448},"38":{"name":"(anonymous_38)","decl":{"start":{"line":454,"column":58},"end":{"line":454,"column":59}},"loc":{"start":{"line":454,"column":68},"end":{"line":466,"column":53}},"line":454},"39":{"name":"(anonymous_39)","decl":{"start":{"line":467,"column":57},"end":{"line":467,"column":null}},"loc":{"start":{"line":468,"column":56},"end":{"line":478,"column":null}},"line":468},"40":{"name":"(anonymous_40)","decl":{"start":{"line":476,"column":70},"end":{"line":476,"column":76}},"loc":{"start":{"line":476,"column":76},"end":{"line":476,"column":null}},"line":476},"41":{"name":"(anonymous_41)","decl":{"start":{"line":477,"column":129},"end":{"line":477,"column":135}},"loc":{"start":{"line":477,"column":135},"end":{"line":477,"column":162}},"line":477},"42":{"name":"(anonymous_42)","decl":{"start":{"line":565,"column":49},"end":{"line":565,"column":55}},"loc":{"start":{"line":565,"column":55},"end":{"line":565,"column":null}},"line":565},"43":{"name":"(anonymous_43)","decl":{"start":{"line":565,"column":71},"end":{"line":565,"column":76}},"loc":{"start":{"line":565,"column":76},"end":{"line":565,"column":78}},"line":565},"44":{"name":"(anonymous_44)","decl":{"start":{"line":574,"column":57},"end":{"line":574,"column":63}},"loc":{"start":{"line":574,"column":63},"end":{"line":574,"column":null}},"line":574},"45":{"name":"(anonymous_45)","decl":{"start":{"line":583,"column":61},"end":{"line":583,"column":67}},"loc":{"start":{"line":583,"column":67},"end":{"line":583,"column":null}},"line":583},"46":{"name":"(anonymous_46)","decl":{"start":{"line":602,"column":25},"end":{"line":602,"column":31}},"loc":{"start":{"line":602,"column":31},"end":{"line":602,"column":null}},"line":602}},"branchMap":{"0":{"loc":{"start":{"line":43,"column":8},"end":{"line":48,"column":null}},"type":"if","locations":[{"start":{"line":43,"column":8},"end":{"line":48,"column":null}},{"start":{"line":46,"column":15},"end":{"line":48,"column":null}}],"line":43},"1":{"loc":{"start":{"line":44,"column":12},"end":{"line":44,"column":null}},"type":"if","locations":[{"start":{"line":44,"column":12},"end":{"line":44,"column":null}},{"start":{},"end":{}}],"line":44},"2":{"loc":{"start":{"line":67,"column":8},"end":{"line":69,"column":null}},"type":"if","locations":[{"start":{"line":67,"column":8},"end":{"line":69,"column":null}},{"start":{},"end":{}}],"line":67},"3":{"loc":{"start":{"line":74,"column":8},"end":{"line":76,"column":null}},"type":"if","locations":[{"start":{"line":74,"column":8},"end":{"line":76,"column":null}},{"start":{},"end":{}}],"line":74},"4":{"loc":{"start":{"line":74,"column":12},"end":{"line":74,"column":100}},"type":"binary-expr","locations":[{"start":{"line":74,"column":12},"end":{"line":74,"column":45}},{"start":{"line":74,"column":45},"end":{"line":74,"column":73}},{"start":{"line":74,"column":73},"end":{"line":74,"column":100}}],"line":74},"5":{"loc":{"start":{"line":94,"column":8},"end":{"line":104,"column":null}},"type":"if","locations":[{"start":{"line":94,"column":8},"end":{"line":104,"column":null}},{"start":{},"end":{}}],"line":94},"6":{"loc":{"start":{"line":94,"column":12},"end":{"line":94,"column":68}},"type":"binary-expr","locations":[{"start":{"line":94,"column":12},"end":{"line":94,"column":42}},{"start":{"line":94,"column":42},"end":{"line":94,"column":68}}],"line":94},"7":{"loc":{"start":{"line":115,"column":12},"end":{"line":115,"column":null}},"type":"cond-expr","locations":[{"start":{"line":115,"column":39},"end":{"line":115,"column":52}},{"start":{"line":115,"column":52},"end":{"line":115,"column":null}}],"line":115},"8":{"loc":{"start":{"line":132,"column":12},"end":{"line":134,"column":null}},"type":"cond-expr","locations":[{"start":{"line":133,"column":18},"end":{"line":133,"column":null}},{"start":{"line":134,"column":18},"end":{"line":134,"column":null}}],"line":132},"9":{"loc":{"start":{"line":155,"column":8},"end":{"line":157,"column":null}},"type":"if","locations":[{"start":{"line":155,"column":8},"end":{"line":157,"column":null}},{"start":{},"end":{}}],"line":155},"10":{"loc":{"start":{"line":168,"column":26},"end":{"line":168,"column":null}},"type":"cond-expr","locations":[{"start":{"line":168,"column":51},"end":{"line":168,"column":65}},{"start":{"line":168,"column":65},"end":{"line":168,"column":null}}],"line":168},"11":{"loc":{"start":{"line":169,"column":23},"end":{"line":169,"column":null}},"type":"cond-expr","locations":[{"start":{"line":169,"column":51},"end":{"line":169,"column":63}},{"start":{"line":169,"column":63},"end":{"line":169,"column":null}}],"line":169},"12":{"loc":{"start":{"line":171,"column":8},"end":{"line":173,"column":null}},"type":"if","locations":[{"start":{"line":171,"column":8},"end":{"line":173,"column":null}},{"start":{},"end":{}}],"line":171},"13":{"loc":{"start":{"line":185,"column":8},"end":{"line":187,"column":null}},"type":"if","locations":[{"start":{"line":185,"column":8},"end":{"line":187,"column":null}},{"start":{},"end":{}}],"line":185},"14":{"loc":{"start":{"line":207,"column":4},"end":{"line":207,"column":null}},"type":"if","locations":[{"start":{"line":207,"column":4},"end":{"line":207,"column":null}},{"start":{},"end":{}}],"line":207},"15":{"loc":{"start":{"line":208,"column":4},"end":{"line":208,"column":null}},"type":"if","locations":[{"start":{"line":208,"column":4},"end":{"line":208,"column":null}},{"start":{},"end":{}}],"line":208},"16":{"loc":{"start":{"line":216,"column":21},"end":{"line":228,"column":null}},"type":"binary-expr","locations":[{"start":{"line":216,"column":21},"end":{"line":216,"column":null}},{"start":{"line":217,"column":24},"end":{"line":228,"column":null}}],"line":216},"17":{"loc":{"start":{"line":238,"column":29},"end":{"line":244,"column":null}},"type":"binary-expr","locations":[{"start":{"line":238,"column":29},"end":{"line":238,"column":null}},{"start":{"line":239,"column":32},"end":{"line":244,"column":null}}],"line":238},"18":{"loc":{"start":{"line":247,"column":25},"end":{"line":259,"column":null}},"type":"binary-expr","locations":[{"start":{"line":247,"column":25},"end":{"line":247,"column":null}},{"start":{"line":248,"column":28},"end":{"line":259,"column":null}}],"line":247},"19":{"loc":{"start":{"line":269,"column":104},"end":{"line":269,"column":null}},"type":"cond-expr","locations":[{"start":{"line":269,"column":131},"end":{"line":269,"column":162}},{"start":{"line":269,"column":162},"end":{"line":269,"column":null}}],"line":269},"20":{"loc":{"start":{"line":277,"column":104},"end":{"line":277,"column":null}},"type":"cond-expr","locations":[{"start":{"line":277,"column":133},"end":{"line":277,"column":164}},{"start":{"line":277,"column":164},"end":{"line":277,"column":null}}],"line":277},"21":{"loc":{"start":{"line":283,"column":21},"end":{"line":291,"column":null}},"type":"binary-expr","locations":[{"start":{"line":283,"column":21},"end":{"line":283,"column":null}},{"start":{"line":284,"column":24},"end":{"line":291,"column":null}}],"line":283},"22":{"loc":{"start":{"line":286,"column":108},"end":{"line":286,"column":null}},"type":"cond-expr","locations":[{"start":{"line":286,"column":135},"end":{"line":286,"column":166}},{"start":{"line":286,"column":166},"end":{"line":286,"column":null}}],"line":286},"23":{"loc":{"start":{"line":295,"column":104},"end":{"line":295,"column":null}},"type":"cond-expr","locations":[{"start":{"line":295,"column":131},"end":{"line":295,"column":162}},{"start":{"line":295,"column":162},"end":{"line":295,"column":null}}],"line":295},"24":{"loc":{"start":{"line":303,"column":104},"end":{"line":303,"column":null}},"type":"cond-expr","locations":[{"start":{"line":303,"column":128},"end":{"line":303,"column":159}},{"start":{"line":303,"column":159},"end":{"line":303,"column":null}}],"line":303},"25":{"loc":{"start":{"line":309,"column":21},"end":{"line":317,"column":null}},"type":"binary-expr","locations":[{"start":{"line":309,"column":21},"end":{"line":309,"column":null}},{"start":{"line":310,"column":24},"end":{"line":317,"column":null}}],"line":309},"26":{"loc":{"start":{"line":312,"column":108},"end":{"line":312,"column":null}},"type":"cond-expr","locations":[{"start":{"line":312,"column":135},"end":{"line":312,"column":166}},{"start":{"line":312,"column":166},"end":{"line":312,"column":null}}],"line":312},"27":{"loc":{"start":{"line":323,"column":52},"end":{"line":323,"column":114}},"type":"cond-expr","locations":[{"start":{"line":323,"column":79},"end":{"line":323,"column":99}},{"start":{"line":323,"column":99},"end":{"line":323,"column":114}}],"line":323},"28":{"loc":{"start":{"line":324,"column":17},"end":{"line":372,"column":null}},"type":"binary-expr","locations":[{"start":{"line":324,"column":17},"end":{"line":324,"column":null}},{"start":{"line":325,"column":20},"end":{"line":372,"column":null}}],"line":324},"29":{"loc":{"start":{"line":329,"column":32},"end":{"line":329,"column":null}},"type":"cond-expr","locations":[{"start":{"line":329,"column":49},"end":{"line":329,"column":125}},{"start":{"line":329,"column":125},"end":{"line":329,"column":null}}],"line":329},"30":{"loc":{"start":{"line":364,"column":37},"end":{"line":368,"column":null}},"type":"binary-expr","locations":[{"start":{"line":364,"column":37},"end":{"line":364,"column":51}},{"start":{"line":364,"column":51},"end":{"line":368,"column":null}}],"line":364},"31":{"loc":{"start":{"line":375,"column":17},"end":{"line":492,"column":null}},"type":"binary-expr","locations":[{"start":{"line":375,"column":17},"end":{"line":375,"column":null}},{"start":{"line":376,"column":20},"end":{"line":492,"column":null}}],"line":375},"32":{"loc":{"start":{"line":389,"column":37},"end":{"line":411,"column":null}},"type":"binary-expr","locations":[{"start":{"line":389,"column":37},"end":{"line":389,"column":null}},{"start":{"line":390,"column":40},"end":{"line":411,"column":null}}],"line":389},"33":{"loc":{"start":{"line":422,"column":45},"end":{"line":423,"column":null}},"type":"binary-expr","locations":[{"start":{"line":422,"column":45},"end":{"line":422,"column":null}},{"start":{"line":423,"column":48},"end":{"line":423,"column":null}}],"line":422},"34":{"loc":{"start":{"line":425,"column":45},"end":{"line":426,"column":null}},"type":"binary-expr","locations":[{"start":{"line":425,"column":45},"end":{"line":425,"column":null}},{"start":{"line":426,"column":48},"end":{"line":426,"column":null}}],"line":425},"35":{"loc":{"start":{"line":428,"column":45},"end":{"line":429,"column":null}},"type":"binary-expr","locations":[{"start":{"line":428,"column":45},"end":{"line":428,"column":null}},{"start":{"line":429,"column":48},"end":{"line":429,"column":null}}],"line":428},"36":{"loc":{"start":{"line":431,"column":45},"end":{"line":432,"column":null}},"type":"binary-expr","locations":[{"start":{"line":431,"column":45},"end":{"line":431,"column":null}},{"start":{"line":432,"column":48},"end":{"line":432,"column":null}}],"line":431},"37":{"loc":{"start":{"line":434,"column":45},"end":{"line":435,"column":null}},"type":"binary-expr","locations":[{"start":{"line":434,"column":45},"end":{"line":434,"column":null}},{"start":{"line":435,"column":48},"end":{"line":435,"column":null}}],"line":434},"38":{"loc":{"start":{"line":437,"column":45},"end":{"line":438,"column":null}},"type":"binary-expr","locations":[{"start":{"line":437,"column":45},"end":{"line":437,"column":null}},{"start":{"line":438,"column":48},"end":{"line":438,"column":null}}],"line":437},"39":{"loc":{"start":{"line":444,"column":41},"end":{"line":486,"column":null}},"type":"cond-expr","locations":[{"start":{"line":444,"column":61},"end":{"line":480,"column":null}},{"start":{"line":482,"column":44},"end":{"line":486,"column":null}}],"line":444},"40":{"loc":{"start":{"line":447,"column":69},"end":{"line":447,"column":null}},"type":"binary-expr","locations":[{"start":{"line":447,"column":69},"end":{"line":447,"column":93}},{"start":{"line":447,"column":93},"end":{"line":447,"column":null}}],"line":447},"41":{"loc":{"start":{"line":456,"column":56},"end":{"line":458,"column":null}},"type":"if","locations":[{"start":{"line":456,"column":56},"end":{"line":458,"column":null}},{"start":{},"end":{}}],"line":456},"42":{"loc":{"start":{"line":456,"column":60},"end":{"line":456,"column":86}},"type":"binary-expr","locations":[{"start":{"line":456,"column":60},"end":{"line":456,"column":74}},{"start":{"line":456,"column":74},"end":{"line":456,"column":86}}],"line":456},"43":{"loc":{"start":{"line":460,"column":56},"end":{"line":460,"column":null}},"type":"if","locations":[{"start":{"line":460,"column":56},"end":{"line":460,"column":null}},{"start":{},"end":{}}],"line":460},"44":{"loc":{"start":{"line":461,"column":56},"end":{"line":461,"column":null}},"type":"if","locations":[{"start":{"line":461,"column":56},"end":{"line":461,"column":null}},{"start":{},"end":{}}],"line":461},"45":{"loc":{"start":{"line":477,"column":72},"end":{"line":477,"column":null}},"type":"cond-expr","locations":[{"start":{"line":477,"column":129},"end":{"line":477,"column":162}},{"start":{"line":477,"column":162},"end":{"line":477,"column":null}}],"line":477},"46":{"loc":{"start":{"line":495,"column":17},"end":{"line":505,"column":null}},"type":"binary-expr","locations":[{"start":{"line":495,"column":17},"end":{"line":495,"column":null}},{"start":{"line":496,"column":20},"end":{"line":505,"column":null}}],"line":495},"47":{"loc":{"start":{"line":498,"column":44},"end":{"line":498,"column":null}},"type":"binary-expr","locations":[{"start":{"line":498,"column":44},"end":{"line":498,"column":67}},{"start":{"line":498,"column":67},"end":{"line":498,"column":null}}],"line":498},"48":{"loc":{"start":{"line":502,"column":49},"end":{"line":502,"column":null}},"type":"binary-expr","locations":[{"start":{"line":502,"column":49},"end":{"line":502,"column":78}},{"start":{"line":502,"column":78},"end":{"line":502,"column":null}}],"line":502},"49":{"loc":{"start":{"line":503,"column":48},"end":{"line":503,"column":null}},"type":"binary-expr","locations":[{"start":{"line":503,"column":48},"end":{"line":503,"column":76}},{"start":{"line":503,"column":76},"end":{"line":503,"column":null}}],"line":503},"50":{"loc":{"start":{"line":508,"column":17},"end":{"line":511,"column":null}},"type":"binary-expr","locations":[{"start":{"line":508,"column":17},"end":{"line":508,"column":null}},{"start":{"line":509,"column":20},"end":{"line":511,"column":null}}],"line":508},"51":{"loc":{"start":{"line":514,"column":17},"end":{"line":526,"column":null}},"type":"binary-expr","locations":[{"start":{"line":514,"column":17},"end":{"line":514,"column":null}},{"start":{"line":515,"column":20},"end":{"line":526,"column":null}}],"line":514},"52":{"loc":{"start":{"line":529,"column":17},"end":{"line":595,"column":null}},"type":"binary-expr","locations":[{"start":{"line":529,"column":17},"end":{"line":529,"column":null}},{"start":{"line":530,"column":20},"end":{"line":595,"column":null}}],"line":529},"53":{"loc":{"start":{"line":539,"column":41},"end":{"line":539,"column":null}},"type":"cond-expr","locations":[{"start":{"line":539,"column":66},"end":{"line":539,"column":82}},{"start":{"line":539,"column":82},"end":{"line":539,"column":null}}],"line":539},"54":{"loc":{"start":{"line":542,"column":41},"end":{"line":544,"column":null}},"type":"cond-expr","locations":[{"start":{"line":543,"column":46},"end":{"line":543,"column":null}},{"start":{"line":544,"column":46},"end":{"line":544,"column":null}}],"line":542},"55":{"loc":{"start":{"line":550,"column":167},"end":{"line":552,"column":null}},"type":"cond-expr","locations":[{"start":{"line":551,"column":46},"end":{"line":551,"column":null}},{"start":{"line":552,"column":46},"end":{"line":552,"column":null}}],"line":550},"56":{"loc":{"start":{"line":556,"column":41},"end":{"line":556,"column":null}},"type":"cond-expr","locations":[{"start":{"line":556,"column":66},"end":{"line":556,"column":78}},{"start":{"line":556,"column":78},"end":{"line":556,"column":null}}],"line":556},"57":{"loc":{"start":{"line":571,"column":37},"end":{"line":590,"column":null}},"type":"binary-expr","locations":[{"start":{"line":571,"column":37},"end":{"line":571,"column":null}},{"start":{"line":572,"column":40},"end":{"line":590,"column":null}}],"line":571},"58":{"loc":{"start":{"line":605,"column":31},"end":{"line":605,"column":null}},"type":"cond-expr","locations":[{"start":{"line":605,"column":54},"end":{"line":605,"column":147}},{"start":{"line":605,"column":147},"end":{"line":605,"column":null}}],"line":605}},"s":{"0":1,"1":31,"2":31,"3":31,"4":31,"5":31,"6":31,"7":31,"8":31,"9":31,"10":31,"11":31,"12":31,"13":31,"14":31,"15":31,"16":0,"17":0,"18":0,"19":0,"20":0,"21":0,"22":31,"23":31,"24":31,"25":7,"26":7,"27":7,"28":0,"29":31,"30":13,"31":0,"32":31,"33":8,"34":8,"35":8,"36":8,"37":0,"38":8,"39":8,"40":31,"41":14,"42":3,"43":3,"44":3,"45":3,"46":0,"47":3,"48":31,"49":0,"50":0,"51":31,"52":0,"53":0,"54":0,"55":31,"56":0,"57":0,"58":0,"59":0,"60":0,"61":31,"62":1,"63":1,"64":1,"65":1,"66":1,"67":1,"68":0,"69":31,"70":1,"71":1,"72":1,"73":0,"74":31,"75":1,"76":0,"77":1,"78":1,"79":1,"80":0,"81":0,"82":31,"83":1,"84":1,"85":1,"86":0,"87":1,"88":1,"89":1,"90":0,"91":0,"92":31,"93":1,"94":0,"95":1,"96":1,"97":1,"98":1,"99":1,"100":0,"101":0,"102":0,"103":0,"104":0,"105":0,"106":31,"107":7,"108":24,"109":24,"110":24,"111":0,"112":0,"113":2,"114":1,"115":0,"116":0,"117":3,"118":0,"119":0,"120":0,"121":0,"122":0,"123":2,"124":2,"125":4,"126":4,"127":2,"128":0,"129":0,"130":0,"131":0,"132":0,"133":0,"134":0,"135":0,"136":0,"137":2,"138":1,"139":0,"140":2,"141":2,"142":1,"143":1,"144":1,"145":1,"146":0},"f":{"0":31,"1":0,"2":0,"3":7,"4":13,"5":8,"6":8,"7":14,"8":3,"9":0,"10":0,"11":0,"12":0,"13":0,"14":0,"15":1,"16":1,"17":1,"18":1,"19":1,"20":1,"21":1,"22":1,"23":1,"24":0,"25":0,"26":2,"27":1,"28":0,"29":0,"30":3,"31":0,"32":0,"33":0,"34":0,"35":0,"36":2,"37":4,"38":0,"39":2,"40":1,"41":0,"42":2,"43":2,"44":1,"45":1,"46":0},"b":{"0":[0,0],"1":[0,0],"2":[0,7],"3":[0,13],"4":[13,1,1],"5":[3,11],"6":[14,12],"7":[0,0],"8":[1,0],"9":[0,1],"10":[1,0],"11":[1,0],"12":[0,1],"13":[0,1],"14":[7,24],"15":[0,24],"16":[24,0],"17":[31,24],"18":[31,23],"19":[7,17],"20":[5,19],"21":[31,23],"22":[3,20],"23":[0,24],"24":[0,24],"25":[31,23],"26":[9,14],"27":[3,21],"28":[31,7],"29":[7,0],"30":[7,0],"31":[31,5],"32":[5,0],"33":[5,5],"34":[5,5],"35":[5,5],"36":[5,5],"37":[5,5],"38":[5,5],"39":[2,3],"40":[2,0],"41":[0,0],"42":[0,0],"43":[0,0],"44":[0,0],"45":[0,0],"46":[31,3],"47":[3,0],"48":[3,3],"49":[3,3],"50":[31,0],"51":[31,0],"52":[31,9],"53":[8,1],"54":[8,1],"55":[8,1],"56":[8,1],"57":[9,2],"58":[0,24]},"meta":{"lastBranch":59,"lastFunction":47,"lastStatement":147,"seen":{"s:16:18:611:Infinity":0,"f:16:18:16:24":0,"s:17:15:17:Infinity":1,"s:18:10:18:Infinity":2,"s:19:17:19:Infinity":3,"s:20:22:20:Infinity":4,"s:21:36:21:Infinity":5,"s:22:30:22:Infinity":6,"s:23:34:23:Infinity":7,"s:24:60:24:Infinity":8,"s:25:56:25:Infinity":9,"s:26:40:26:Infinity":10,"s:27:10:27:Infinity":11,"s:30:44:30:Infinity":12,"s:31:44:31:Infinity":13,"s:33:30:40:Infinity":14,"s:42:25:49:Infinity":15,"f:42:25:42:26":1,"b:43:8:48:Infinity:46:15:48:Infinity":0,"s:43:8:48:Infinity":16,"b:44:12:44:Infinity:undefined:undefined:undefined:undefined":1,"s:44:12:44:Infinity":17,"s:44:37:44:Infinity":18,"s:45:12:45:Infinity":19,"f:45:52:45:57":2,"s:45:57:45:66":20,"s:47:12:47:Infinity":21,"s:51:28:60:Infinity":22,"s:62:10:62:Infinity":23,"s:64:4:70:Infinity":24,"f:64:14:64:20":3,"s:65:23:65:Infinity":25,"s:66:20:66:Infinity":26,"b:67:8:69:Infinity:undefined:undefined:undefined:undefined":2,"s:67:8:69:Infinity":27,"s:68:12:68:Infinity":28,"s:72:4:77:Infinity":29,"f:72:14:72:20":4,"b:74:8:76:Infinity:undefined:undefined:undefined:undefined":3,"s:74:8:76:Infinity":30,"b:74:12:74:45:74:45:74:73:74:73:74:100":4,"s:75:12:75:Infinity":31,"s:79:4:91:Infinity":32,"f:79:14:79:20":5,"s:80:25:89:Infinity":33,"f:80:25:80:37":6,"s:81:12:88:Infinity":34,"s:82:29:82:Infinity":35,"s:83:16:83:Infinity":36,"s:85:16:85:Infinity":37,"s:87:16:87:Infinity":38,"s:90:8:90:Infinity":39,"s:93:4:105:Infinity":40,"f:93:14:93:20":7,"b:94:8:104:Infinity:undefined:undefined:undefined:undefined":5,"s:94:8:104:Infinity":41,"b:94:12:94:42:94:42:94:68":6,"s:95:36:102:Infinity":42,"f:95:36:95:48":8,"s:96:16:101:Infinity":43,"s:97:33:97:Infinity":44,"s:98:20:98:Infinity":45,"s:100:20:100:Infinity":46,"s:103:12:103:Infinity":47,"s:107:32:110:Infinity":48,"f:107:32:107:33":9,"s:108:8:108:Infinity":49,"s:109:8:109:Infinity":50,"s:112:38:117:Infinity":51,"f:112:38:112:39":10,"s:114:8:116:Infinity":52,"f:114:22:114:30":11,"s:114:30:116:9":53,"f:114:39:114:Infinity":12,"s:115:12:115:Infinity":54,"b:115:39:115:52:115:52:115:Infinity":7,"s:119:33:126:Infinity":55,"f:119:33:119:40":13,"s:120:8:125:Infinity":56,"s:121:12:121:Infinity":57,"s:122:12:122:Infinity":58,"f:122:19:122:28":14,"s:122:28:122:68":59,"s:124:12:124:Infinity":60,"s:128:32:143:Infinity":61,"f:128:32:128:39":15,"s:129:8:129:Infinity":62,"s:131:8:135:Infinity":63,"f:131:22:131:30":16,"s:131:30:135:9":64,"f:131:39:131:Infinity":17,"s:132:12:134:Infinity":65,"b:133:18:133:Infinity:134:18:134:Infinity":8,"s:137:8:142:Infinity":66,"s:138:12:138:Infinity":67,"s:140:12:140:Infinity":68,"s:145:24:152:Infinity":69,"f:145:24:145:36":18,"s:146:8:151:Infinity":70,"s:147:27:147:Infinity":71,"s:148:12:148:Infinity":72,"s:150:12:150:Infinity":73,"s:154:25:165:Infinity":74,"f:154:25:154:37":19,"b:155:8:157:Infinity:undefined:undefined:undefined:undefined":9,"s:155:8:157:Infinity":75,"s:156:12:156:Infinity":76,"s:158:8:164:Infinity":77,"s:159:12:159:Infinity":78,"s:160:12:160:Infinity":79,"s:162:12:162:Infinity":80,"s:163:12:163:Infinity":81,"s:167:31:182:Infinity":82,"f:167:31:167:43":20,"s:168:26:168:Infinity":83,"b:168:51:168:65:168:65:168:Infinity":10,"s:169:23:169:Infinity":84,"b:169:51:169:63:169:63:169:Infinity":11,"b:171:8:173:Infinity:undefined:undefined:undefined:undefined":12,"s:171:8:173:Infinity":85,"s:172:12:172:Infinity":86,"s:175:8:181:Infinity":87,"s:176:31:176:Infinity":88,"s:177:12:177:Infinity":89,"s:179:12:179:Infinity":90,"s:180:12:180:Infinity":91,"s:184:34:205:Infinity":92,"f:184:34:184:41":21,"b:185:8:187:Infinity:undefined:undefined:undefined:undefined":13,"s:185:8:187:Infinity":93,"s:186:12:186:Infinity":94,"s:190:8:190:Infinity":95,"f:190:22:190:30":22,"s:190:30:190:82":96,"f:190:42:190:49":23,"s:190:49:190:81":97,"s:192:8:204:Infinity":98,"s:193:12:193:Infinity":99,"s:195:12:195:Infinity":100,"s:196:12:196:Infinity":101,"s:198:12:203:Infinity":102,"s:199:29:199:Infinity":103,"s:200:16:200:Infinity":104,"s:202:16:202:Infinity":105,"b:207:4:207:Infinity:undefined:undefined:undefined:undefined":14,"s:207:4:207:Infinity":106,"s:207:17:207:Infinity":107,"b:208:4:208:Infinity:undefined:undefined:undefined:undefined":15,"s:208:4:208:Infinity":108,"s:208:14:208:Infinity":109,"s:210:4:609:Infinity":110,"b:216:21:216:Infinity:217:24:228:Infinity":16,"b:238:29:238:Infinity:239:32:244:Infinity":17,"b:247:25:247:Infinity:248:28:259:Infinity":18,"f:250:45:250:51":24,"s:250:51:250:Infinity":111,"f:268:33:268:39":25,"s:268:39:268:Infinity":112,"b:269:131:269:162:269:162:269:Infinity":19,"f:276:33:276:39":26,"s:276:39:276:Infinity":113,"b:277:133:277:164:277:164:277:Infinity":20,"b:283:21:283:Infinity:284:24:291:Infinity":21,"f:285:37:285:43":27,"s:285:43:285:Infinity":114,"b:286:135:286:166:286:166:286:Infinity":22,"f:294:33:294:39":28,"s:294:39:294:Infinity":115,"b:295:131:295:162:295:162:295:Infinity":23,"f:302:33:302:39":29,"s:302:39:302:Infinity":116,"b:303:128:303:159:303:159:303:Infinity":24,"b:309:21:309:Infinity:310:24:317:Infinity":25,"f:311:37:311:43":30,"s:311:43:311:Infinity":117,"b:312:135:312:166:312:166:312:Infinity":26,"b:323:79:323:99:323:99:323:114":27,"b:324:17:324:Infinity:325:20:372:Infinity":28,"b:329:49:329:125:329:125:329:Infinity":29,"b:364:37:364:51:364:51:368:Infinity":30,"f:364:66:364:Infinity":31,"s:365:40:367:Infinity":118,"b:375:17:375:Infinity:376:20:492:Infinity":31,"f:383:49:383:55":32,"s:383:55:383:Infinity":119,"b:389:37:389:Infinity:390:40:411:Infinity":32,"f:393:57:393:63":33,"s:393:63:393:Infinity":120,"f:399:87:399:88":34,"s:400:52:408:Infinity":121,"f:404:70:404:76":35,"s:404:76:404:Infinity":122,"b:422:45:422:Infinity:423:48:423:Infinity":33,"b:425:45:425:Infinity:426:48:426:Infinity":34,"b:428:45:428:Infinity:429:48:429:Infinity":35,"b:431:45:431:Infinity:432:48:432:Infinity":36,"b:434:45:434:Infinity:435:48:435:Infinity":37,"b:437:45:437:Infinity:438:48:438:Infinity":38,"b:444:61:480:Infinity:482:44:486:Infinity":39,"f:445:45:445:51":36,"s:447:69:447:Infinity":123,"b:447:69:447:93:447:93:447:Infinity":40,"s:448:65:451:Infinity":124,"f:448:85:448:86":37,"s:449:52:449:Infinity":125,"s:450:52:450:Infinity":126,"s:453:48:479:Infinity":127,"f:454:58:454:59":38,"b:456:56:458:Infinity:undefined:undefined:undefined:undefined":41,"s:456:56:458:Infinity":128,"b:456:60:456:74:456:74:456:86":42,"s:457:60:457:Infinity":129,"b:460:56:460:Infinity:undefined:undefined:undefined:undefined":43,"s:460:56:460:Infinity":130,"s:460:72:460:Infinity":131,"b:461:56:461:Infinity:undefined:undefined:undefined:undefined":44,"s:461:56:461:Infinity":132,"s:461:72:461:Infinity":133,"s:463:70:463:Infinity":134,"s:464:70:464:Infinity":135,"s:465:56:465:Infinity":136,"f:467:57:467:Infinity":39,"s:468:56:478:Infinity":137,"f:476:70:476:76":40,"s:476:76:476:Infinity":138,"b:477:129:477:162:477:162:477:Infinity":45,"f:477:129:477:135":41,"s:477:135:477:162":139,"b:495:17:495:Infinity:496:20:505:Infinity":46,"b:498:44:498:67:498:67:498:Infinity":47,"b:502:49:502:78:502:78:502:Infinity":48,"b:503:48:503:76:503:76:503:Infinity":49,"b:508:17:508:Infinity:509:20:511:Infinity":50,"b:514:17:514:Infinity:515:20:526:Infinity":51,"b:529:17:529:Infinity:530:20:595:Infinity":52,"b:539:66:539:82:539:82:539:Infinity":53,"b:543:46:543:Infinity:544:46:544:Infinity":54,"b:551:46:551:Infinity:552:46:552:Infinity":55,"b:556:66:556:78:556:78:556:Infinity":56,"f:565:49:565:55":42,"s:565:55:565:Infinity":140,"f:565:71:565:76":43,"s:565:76:565:78":141,"b:571:37:571:Infinity:572:40:590:Infinity":57,"f:574:57:574:63":44,"s:574:65:574:89":142,"s:574:89:574:104":143,"f:583:61:583:67":45,"s:583:69:583:93":144,"s:583:93:583:109":145,"f:602:25:602:31":46,"s:602:31:602:Infinity":146,"b:605:54:605:147:605:147:605:Infinity":58}}}
}
