{"/home/ct-20032/Documents/Clustox ATS/frontend/src/api/activities.js": {"path":"/home/ct-20032/Documents/Clustox ATS/frontend/src/api/activities.js","statementMap":{"0":{"start":{"line":3,"column":32},"end":{"line":6,"column":1}},"1":{"start":{"line":4,"column":21},"end":{"line":4,"column":66}},"2":{"start":{"line":5,"column":4},"end":{"line":5,"column":null}},"3":{"start":{"line":8,"column":38},"end":{"line":11,"column":1}},"4":{"start":{"line":9,"column":21},"end":{"line":9,"column":78}},"5":{"start":{"line":10,"column":4},"end":{"line":10,"column":null}},"6":{"start":{"line":13,"column":27},"end":{"line":16,"column":1}},"7":{"start":{"line":14,"column":21},"end":{"line":14,"column":59}},"8":{"start":{"line":15,"column":4},"end":{"line":15,"column":null}},"9":{"start":{"line":18,"column":30},"end":{"line":21,"column":1}},"10":{"start":{"line":19,"column":21},"end":{"line":19,"column":68}},"11":{"start":{"line":20,"column":4},"end":{"line":20,"column":null}},"12":{"start":{"line":23,"column":30},"end":{"line":26,"column":1}},"13":{"start":{"line":24,"column":21},"end":{"line":24,"column":73}},"14":{"start":{"line":25,"column":4},"end":{"line":25,"column":null}},"15":{"start":{"line":28,"column":30},"end":{"line":31,"column":1}},"16":{"start":{"line":29,"column":21},"end":{"line":29,"column":62}},"17":{"start":{"line":30,"column":4},"end":{"line":30,"column":null}},"18":{"start":{"line":33,"column":31},"end":{"line":36,"column":1}},"19":{"start":{"line":34,"column":21},"end":{"line":34,"column":67}},"20":{"start":{"line":35,"column":4},"end":{"line":35,"column":null}},"21":{"start":{"line":38,"column":32},"end":{"line":41,"column":1}},"22":{"start":{"line":39,"column":21},"end":{"line":39,"column":57}},"23":{"start":{"line":40,"column":4},"end":{"line":40,"column":null}}},"fnMap":{"0":{"name":"(anonymous_0)","decl":{"start":{"line":3,"column":32},"end":{"line":3,"column":37}},"loc":{"start":{"line":3,"column":49},"end":{"line":6,"column":1}},"line":3},"1":{"name":"(anonymous_1)","decl":{"start":{"line":8,"column":38},"end":{"line":8,"column":43}},"loc":{"start":{"line":8,"column":61},"end":{"line":11,"column":1}},"line":8},"2":{"name":"(anonymous_2)","decl":{"start":{"line":13,"column":27},"end":{"line":13,"column":32}},"loc":{"start":{"line":13,"column":41},"end":{"line":16,"column":1}},"line":13},"3":{"name":"(anonymous_3)","decl":{"start":{"line":18,"column":30},"end":{"line":18,"column":35}},"loc":{"start":{"line":18,"column":54},"end":{"line":21,"column":1}},"line":18},"4":{"name":"(anonymous_4)","decl":{"start":{"line":23,"column":30},"end":{"line":23,"column":35}},"loc":{"start":{"line":23,"column":58},"end":{"line":26,"column":1}},"line":23},"5":{"name":"(anonymous_5)","decl":{"start":{"line":28,"column":30},"end":{"line":28,"column":35}},"loc":{"start":{"line":28,"column":44},"end":{"line":31,"column":1}},"line":28},"6":{"name":"(anonymous_6)","decl":{"start":{"line":33,"column":31},"end":{"line":33,"column":36}},"loc":{"start":{"line":33,"column":43},"end":{"line":36,"column":1}},"line":33},"7":{"name":"(anonymous_7)","decl":{"start":{"line":38,"column":32},"end":{"line":38,"column":37}},"loc":{"start":{"line":38,"column":44},"end":{"line":41,"column":1}},"line":38}},"branchMap":{},"s":{"0":1,"1":2,"2":1,"3":1,"4":1,"5":1,"6":1,"7":1,"8":1,"9":1,"10":1,"11":1,"12":1,"13":1,"14":1,"15":1,"16":1,"17":1,"18":1,"19":1,"20":1,"21":1,"22":1,"23":1},"f":{"0":2,"1":1,"2":1,"3":1,"4":1,"5":1,"6":1,"7":1},"b":{},"meta":{"lastBranch":0,"lastFunction":8,"lastStatement":24,"seen":{"s:3:32:6:1":0,"f:3:32:3:37":0,"s:4:21:4:66":1,"s:5:4:5:Infinity":2,"s:8:38:11:1":3,"f:8:38:8:43":1,"s:9:21:9:78":4,"s:10:4:10:Infinity":5,"s:13:27:16:1":6,"f:13:27:13:32":2,"s:14:21:14:59":7,"s:15:4:15:Infinity":8,"s:18:30:21:1":9,"f:18:30:18:35":3,"s:19:21:19:68":10,"s:20:4:20:Infinity":11,"s:23:30:26:1":12,"f:23:30:23:35":4,"s:24:21:24:73":13,"s:25:4:25:Infinity":14,"s:28:30:31:1":15,"f:28:30:28:35":5,"s:29:21:29:62":16,"s:30:4:30:Infinity":17,"s:33:31:36:1":18,"f:33:31:33:36":6,"s:34:21:34:67":19,"s:35:4:35:Infinity":20,"s:38:32:41:1":21,"f:38:32:38:37":7,"s:39:21:39:57":22,"s:40:4:40:Infinity":23}}}
,"/home/ct-20032/Documents/Clustox ATS/frontend/src/api/departments.js": {"path":"/home/ct-20032/Documents/Clustox ATS/frontend/src/api/departments.js","statementMap":{"0":{"start":{"line":4,"column":30},"end":{"line":7,"column":1}},"1":{"start":{"line":5,"column":21},"end":{"line":5,"column":53}},"2":{"start":{"line":6,"column":4},"end":{"line":6,"column":null}},"3":{"start":{"line":9,"column":32},"end":{"line":12,"column":1}},"4":{"start":{"line":10,"column":21},"end":{"line":10,"column":70}},"5":{"start":{"line":11,"column":4},"end":{"line":11,"column":null}},"6":{"start":{"line":14,"column":32},"end":{"line":17,"column":1}},"7":{"start":{"line":15,"column":21},"end":{"line":15,"column":75}},"8":{"start":{"line":16,"column":4},"end":{"line":16,"column":null}},"9":{"start":{"line":19,"column":32},"end":{"line":22,"column":1}},"10":{"start":{"line":20,"column":21},"end":{"line":20,"column":62}},"11":{"start":{"line":21,"column":4},"end":{"line":21,"column":null}},"12":{"start":{"line":24,"column":42},"end":{"line":27,"column":1}},"13":{"start":{"line":25,"column":21},"end":{"line":25,"column":90}},"14":{"start":{"line":26,"column":4},"end":{"line":26,"column":null}},"15":{"start":{"line":29,"column":36},"end":{"line":32,"column":1}},"16":{"start":{"line":30,"column":21},"end":{"line":30,"column":77}},"17":{"start":{"line":31,"column":4},"end":{"line":31,"column":null}}},"fnMap":{"0":{"name":"(anonymous_0)","decl":{"start":{"line":4,"column":30},"end":{"line":4,"column":35}},"loc":{"start":{"line":4,"column":42},"end":{"line":7,"column":1}},"line":4},"1":{"name":"(anonymous_1)","decl":{"start":{"line":9,"column":32},"end":{"line":9,"column":37}},"loc":{"start":{"line":9,"column":58},"end":{"line":12,"column":1}},"line":9},"2":{"name":"(anonymous_2)","decl":{"start":{"line":14,"column":32},"end":{"line":14,"column":37}},"loc":{"start":{"line":14,"column":69},"end":{"line":17,"column":1}},"line":14},"3":{"name":"(anonymous_3)","decl":{"start":{"line":19,"column":32},"end":{"line":19,"column":37}},"loc":{"start":{"line":19,"column":46},"end":{"line":22,"column":1}},"line":19},"4":{"name":"(anonymous_4)","decl":{"start":{"line":24,"column":42},"end":{"line":24,"column":47}},"loc":{"start":{"line":24,"column":74},"end":{"line":27,"column":1}},"line":24},"5":{"name":"(anonymous_5)","decl":{"start":{"line":29,"column":36},"end":{"line":29,"column":41}},"loc":{"start":{"line":29,"column":60},"end":{"line":32,"column":1}},"line":29}},"branchMap":{},"s":{"0":1,"1":1,"2":1,"3":1,"4":1,"5":1,"6":1,"7":1,"8":1,"9":1,"10":1,"11":1,"12":1,"13":1,"14":1,"15":1,"16":1,"17":1},"f":{"0":1,"1":1,"2":1,"3":1,"4":1,"5":1},"b":{},"meta":{"lastBranch":0,"lastFunction":6,"lastStatement":18,"seen":{"s:4:30:7:1":0,"f:4:30:4:35":0,"s:5:21:5:53":1,"s:6:4:6:Infinity":2,"s:9:32:12:1":3,"f:9:32:9:37":1,"s:10:21:10:70":4,"s:11:4:11:Infinity":5,"s:14:32:17:1":6,"f:14:32:14:37":2,"s:15:21:15:75":7,"s:16:4:16:Infinity":8,"s:19:32:22:1":9,"f:19:32:19:37":3,"s:20:21:20:62":10,"s:21:4:21:Infinity":11,"s:24:42:27:1":12,"f:24:42:24:47":4,"s:25:21:25:90":13,"s:26:4:26:Infinity":14,"s:29:36:32:1":15,"f:29:36:29:41":5,"s:30:21:30:77":16,"s:31:4:31:Infinity":17}}}
,"/home/ct-20032/Documents/Clustox ATS/frontend/src/api/jobs.js": {"path":"/home/ct-20032/Documents/Clustox ATS/frontend/src/api/jobs.js","statementMap":{"0":{"start":{"line":3,"column":23},"end":{"line":11,"column":1}},"1":{"start":{"line":4,"column":19},"end":{"line":4,"column":21}},"2":{"start":{"line":5,"column":4},"end":{"line":5,"column":null}},"3":{"start":{"line":5,"column":22},"end":{"line":5,"column":null}},"4":{"start":{"line":6,"column":4},"end":{"line":6,"column":null}},"5":{"start":{"line":6,"column":16},"end":{"line":6,"column":null}},"6":{"start":{"line":9,"column":21},"end":{"line":9,"column":58}},"7":{"start":{"line":10,"column":4},"end":{"line":10,"column":null}},"8":{"start":{"line":13,"column":22},"end":{"line":16,"column":1}},"9":{"start":{"line":14,"column":21},"end":{"line":14,"column":52}},"10":{"start":{"line":15,"column":4},"end":{"line":15,"column":null}},"11":{"start":{"line":18,"column":25},"end":{"line":21,"column":1}},"12":{"start":{"line":19,"column":21},"end":{"line":19,"column":56}},"13":{"start":{"line":20,"column":4},"end":{"line":20,"column":null}},"14":{"start":{"line":23,"column":25},"end":{"line":26,"column":1}},"15":{"start":{"line":24,"column":21},"end":{"line":24,"column":61}},"16":{"start":{"line":25,"column":4},"end":{"line":25,"column":null}},"17":{"start":{"line":28,"column":24},"end":{"line":31,"column":1}},"18":{"start":{"line":29,"column":21},"end":{"line":29,"column":59}},"19":{"start":{"line":30,"column":4},"end":{"line":30,"column":null}},"20":{"start":{"line":33,"column":30},"end":{"line":36,"column":1}},"21":{"start":{"line":34,"column":21},"end":{"line":34,"column":69}},"22":{"start":{"line":35,"column":4},"end":{"line":35,"column":null}},"23":{"start":{"line":38,"column":25},"end":{"line":41,"column":1}},"24":{"start":{"line":39,"column":21},"end":{"line":39,"column":55}},"25":{"start":{"line":40,"column":4},"end":{"line":40,"column":null}},"26":{"start":{"line":43,"column":36},"end":{"line":47,"column":1}},"27":{"start":{"line":45,"column":21},"end":{"line":45,"column":65}},"28":{"start":{"line":46,"column":4},"end":{"line":46,"column":null}},"29":{"start":{"line":49,"column":36},"end":{"line":52,"column":1}},"30":{"start":{"line":50,"column":21},"end":{"line":50,"column":98}},"31":{"start":{"line":51,"column":4},"end":{"line":51,"column":null}},"32":{"start":{"line":54,"column":36},"end":{"line":57,"column":1}},"33":{"start":{"line":55,"column":21},"end":{"line":55,"column":98}},"34":{"start":{"line":56,"column":4},"end":{"line":56,"column":null}},"35":{"start":{"line":59,"column":31},"end":{"line":62,"column":1}},"36":{"start":{"line":60,"column":21},"end":{"line":60,"column":89}},"37":{"start":{"line":61,"column":4},"end":{"line":61,"column":null}},"38":{"start":{"line":64,"column":40},"end":{"line":67,"column":1}},"39":{"start":{"line":65,"column":21},"end":{"line":65,"column":70}},"40":{"start":{"line":66,"column":4},"end":{"line":66,"column":null}},"41":{"start":{"line":69,"column":38},"end":{"line":72,"column":1}},"42":{"start":{"line":70,"column":21},"end":{"line":70,"column":113}},"43":{"start":{"line":71,"column":4},"end":{"line":71,"column":null}}},"fnMap":{"0":{"name":"(anonymous_0)","decl":{"start":{"line":3,"column":23},"end":{"line":3,"column":28}},"loc":{"start":{"line":3,"column":69},"end":{"line":11,"column":1}},"line":3},"1":{"name":"(anonymous_1)","decl":{"start":{"line":13,"column":22},"end":{"line":13,"column":27}},"loc":{"start":{"line":13,"column":36},"end":{"line":16,"column":1}},"line":13},"2":{"name":"(anonymous_2)","decl":{"start":{"line":18,"column":25},"end":{"line":18,"column":30}},"loc":{"start":{"line":18,"column":44},"end":{"line":21,"column":1}},"line":18},"3":{"name":"(anonymous_3)","decl":{"start":{"line":23,"column":25},"end":{"line":23,"column":30}},"loc":{"start":{"line":23,"column":48},"end":{"line":26,"column":1}},"line":23},"4":{"name":"(anonymous_4)","decl":{"start":{"line":28,"column":24},"end":{"line":28,"column":29}},"loc":{"start":{"line":28,"column":38},"end":{"line":31,"column":1}},"line":28},"5":{"name":"(anonymous_5)","decl":{"start":{"line":33,"column":30},"end":{"line":33,"column":35}},"loc":{"start":{"line":33,"column":52},"end":{"line":36,"column":1}},"line":33},"6":{"name":"(anonymous_6)","decl":{"start":{"line":38,"column":25},"end":{"line":38,"column":30}},"loc":{"start":{"line":38,"column":39},"end":{"line":41,"column":1}},"line":38},"7":{"name":"(anonymous_7)","decl":{"start":{"line":43,"column":36},"end":{"line":43,"column":41}},"loc":{"start":{"line":43,"column":50},"end":{"line":47,"column":1}},"line":43},"8":{"name":"(anonymous_8)","decl":{"start":{"line":49,"column":36},"end":{"line":49,"column":41}},"loc":{"start":{"line":49,"column":73},"end":{"line":52,"column":1}},"line":49},"9":{"name":"(anonymous_9)","decl":{"start":{"line":54,"column":36},"end":{"line":54,"column":41}},"loc":{"start":{"line":54,"column":77},"end":{"line":57,"column":1}},"line":54},"10":{"name":"(anonymous_10)","decl":{"start":{"line":59,"column":31},"end":{"line":59,"column":36}},"loc":{"start":{"line":59,"column":61},"end":{"line":62,"column":1}},"line":59},"11":{"name":"(anonymous_11)","decl":{"start":{"line":64,"column":40},"end":{"line":64,"column":45}},"loc":{"start":{"line":64,"column":57},"end":{"line":67,"column":1}},"line":64},"12":{"name":"(anonymous_12)","decl":{"start":{"line":69,"column":38},"end":{"line":69,"column":43}},"loc":{"start":{"line":69,"column":67},"end":{"line":72,"column":1}},"line":69}},"branchMap":{"0":{"loc":{"start":{"line":3,"column":30},"end":{"line":3,"column":49}},"type":"default-arg","locations":[{"start":{"line":3,"column":45},"end":{"line":3,"column":49}}],"line":3},"1":{"loc":{"start":{"line":3,"column":51},"end":{"line":3,"column":64}},"type":"default-arg","locations":[{"start":{"line":3,"column":60},"end":{"line":3,"column":64}}],"line":3},"2":{"loc":{"start":{"line":5,"column":4},"end":{"line":5,"column":null}},"type":"if","locations":[{"start":{"line":5,"column":4},"end":{"line":5,"column":null}},{"start":{},"end":{}}],"line":5},"3":{"loc":{"start":{"line":6,"column":4},"end":{"line":6,"column":null}},"type":"if","locations":[{"start":{"line":6,"column":4},"end":{"line":6,"column":null}},{"start":{},"end":{}}],"line":6}},"s":{"0":1,"1":4,"2":4,"3":2,"4":4,"5":2,"6":4,"7":4,"8":1,"9":1,"10":1,"11":1,"12":1,"13":1,"14":1,"15":1,"16":1,"17":1,"18":1,"19":1,"20":1,"21":1,"22":1,"23":1,"24":1,"25":1,"26":1,"27":1,"28":1,"29":1,"30":1,"31":1,"32":1,"33":1,"34":1,"35":1,"36":1,"37":1,"38":1,"39":1,"40":1,"41":1,"42":1,"43":1},"f":{"0":4,"1":1,"2":1,"3":1,"4":1,"5":1,"6":1,"7":1,"8":1,"9":1,"10":1,"11":1,"12":1},"b":{"0":[4],"1":[4],"2":[2,2],"3":[2,2]},"meta":{"lastBranch":4,"lastFunction":13,"lastStatement":44,"seen":{"s:3:23:11:1":0,"f:3:23:3:28":0,"b:3:45:3:49":0,"b:3:60:3:64":1,"s:4:19:4:21":1,"b:5:4:5:Infinity:undefined:undefined:undefined:undefined":2,"s:5:4:5:Infinity":2,"s:5:22:5:Infinity":3,"b:6:4:6:Infinity:undefined:undefined:undefined:undefined":3,"s:6:4:6:Infinity":4,"s:6:16:6:Infinity":5,"s:9:21:9:58":6,"s:10:4:10:Infinity":7,"s:13:22:16:1":8,"f:13:22:13:27":1,"s:14:21:14:52":9,"s:15:4:15:Infinity":10,"s:18:25:21:1":11,"f:18:25:18:30":2,"s:19:21:19:56":12,"s:20:4:20:Infinity":13,"s:23:25:26:1":14,"f:23:25:23:30":3,"s:24:21:24:61":15,"s:25:4:25:Infinity":16,"s:28:24:31:1":17,"f:28:24:28:29":4,"s:29:21:29:59":18,"s:30:4:30:Infinity":19,"s:33:30:36:1":20,"f:33:30:33:35":5,"s:34:21:34:69":21,"s:35:4:35:Infinity":22,"s:38:25:41:1":23,"f:38:25:38:30":6,"s:39:21:39:55":24,"s:40:4:40:Infinity":25,"s:43:36:47:1":26,"f:43:36:43:41":7,"s:45:21:45:65":27,"s:46:4:46:Infinity":28,"s:49:36:52:1":29,"f:49:36:49:41":8,"s:50:21:50:98":30,"s:51:4:51:Infinity":31,"s:54:36:57:1":32,"f:54:36:54:41":9,"s:55:21:55:98":33,"s:56:4:56:Infinity":34,"s:59:31:62:1":35,"f:59:31:59:36":10,"s:60:21:60:89":36,"s:61:4:61:Infinity":37,"s:64:40:67:1":38,"f:64:40:64:45":11,"s:65:21:65:70":39,"s:66:4:66:Infinity":40,"s:69:38:72:1":41,"f:69:38:69:43":12,"s:70:21:70:113":42,"s:71:4:71:Infinity":43}}}
,"/home/ct-20032/Documents/Clustox ATS/frontend/src/api/requisitions.js": {"path":"/home/ct-20032/Documents/Clustox ATS/frontend/src/api/requisitions.js","statementMap":{"0":{"start":{"line":3,"column":31},"end":{"line":6,"column":1}},"1":{"start":{"line":4,"column":21},"end":{"line":4,"column":62}},"2":{"start":{"line":5,"column":4},"end":{"line":5,"column":null}},"3":{"start":{"line":8,"column":30},"end":{"line":11,"column":1}},"4":{"start":{"line":9,"column":21},"end":{"line":9,"column":67}},"5":{"start":{"line":10,"column":4},"end":{"line":10,"column":null}},"6":{"start":{"line":13,"column":33},"end":{"line":16,"column":1}},"7":{"start":{"line":14,"column":21},"end":{"line":14,"column":80}},"8":{"start":{"line":15,"column":4},"end":{"line":15,"column":null}},"9":{"start":{"line":18,"column":33},"end":{"line":21,"column":1}},"10":{"start":{"line":19,"column":21},"end":{"line":19,"column":84}},"11":{"start":{"line":20,"column":4},"end":{"line":20,"column":null}},"12":{"start":{"line":23,"column":33},"end":{"line":26,"column":1}},"13":{"start":{"line":24,"column":21},"end":{"line":24,"column":75}},"14":{"start":{"line":25,"column":4},"end":{"line":25,"column":null}},"15":{"start":{"line":28,"column":34},"end":{"line":31,"column":1}},"16":{"start":{"line":29,"column":21},"end":{"line":29,"column":76}},"17":{"start":{"line":30,"column":4},"end":{"line":30,"column":null}},"18":{"start":{"line":33,"column":33},"end":{"line":36,"column":1}},"19":{"start":{"line":34,"column":21},"end":{"line":34,"column":87}},"20":{"start":{"line":35,"column":4},"end":{"line":35,"column":null}},"21":{"start":{"line":38,"column":39},"end":{"line":41,"column":1}},"22":{"start":{"line":39,"column":21},"end":{"line":39,"column":76}},"23":{"start":{"line":40,"column":4},"end":{"line":40,"column":null}}},"fnMap":{"0":{"name":"(anonymous_0)","decl":{"start":{"line":3,"column":31},"end":{"line":3,"column":36}},"loc":{"start":{"line":3,"column":43},"end":{"line":6,"column":1}},"line":3},"1":{"name":"(anonymous_1)","decl":{"start":{"line":8,"column":30},"end":{"line":8,"column":35}},"loc":{"start":{"line":8,"column":44},"end":{"line":11,"column":1}},"line":8},"2":{"name":"(anonymous_2)","decl":{"start":{"line":13,"column":33},"end":{"line":13,"column":38}},"loc":{"start":{"line":13,"column":60},"end":{"line":16,"column":1}},"line":13},"3":{"name":"(anonymous_3)","decl":{"start":{"line":18,"column":33},"end":{"line":18,"column":38}},"loc":{"start":{"line":18,"column":64},"end":{"line":21,"column":1}},"line":18},"4":{"name":"(anonymous_4)","decl":{"start":{"line":23,"column":33},"end":{"line":23,"column":38}},"loc":{"start":{"line":23,"column":47},"end":{"line":26,"column":1}},"line":23},"5":{"name":"(anonymous_5)","decl":{"start":{"line":28,"column":34},"end":{"line":28,"column":39}},"loc":{"start":{"line":28,"column":48},"end":{"line":31,"column":1}},"line":28},"6":{"name":"(anonymous_6)","decl":{"start":{"line":33,"column":33},"end":{"line":33,"column":38}},"loc":{"start":{"line":33,"column":55},"end":{"line":36,"column":1}},"line":33},"7":{"name":"(anonymous_7)","decl":{"start":{"line":38,"column":39},"end":{"line":38,"column":44}},"loc":{"start":{"line":38,"column":53},"end":{"line":41,"column":1}},"line":38}},"branchMap":{},"s":{"0":1,"1":1,"2":1,"3":1,"4":1,"5":1,"6":1,"7":1,"8":1,"9":1,"10":1,"11":1,"12":1,"13":1,"14":1,"15":1,"16":1,"17":1,"18":1,"19":1,"20":1,"21":1,"22":1,"23":1},"f":{"0":1,"1":1,"2":1,"3":1,"4":1,"5":1,"6":1,"7":1},"b":{},"meta":{"lastBranch":0,"lastFunction":8,"lastStatement":24,"seen":{"s:3:31:6:1":0,"f:3:31:3:36":0,"s:4:21:4:62":1,"s:5:4:5:Infinity":2,"s:8:30:11:1":3,"f:8:30:8:35":1,"s:9:21:9:67":4,"s:10:4:10:Infinity":5,"s:13:33:16:1":6,"f:13:33:13:38":2,"s:14:21:14:80":7,"s:15:4:15:Infinity":8,"s:18:33:21:1":9,"f:18:33:18:38":3,"s:19:21:19:84":10,"s:20:4:20:Infinity":11,"s:23:33:26:1":12,"f:23:33:23:38":4,"s:24:21:24:75":13,"s:25:4:25:Infinity":14,"s:28:34:31:1":15,"f:28:34:28:39":5,"s:29:21:29:76":16,"s:30:4:30:Infinity":17,"s:33:33:36:1":18,"f:33:33:33:38":6,"s:34:21:34:87":19,"s:35:4:35:Infinity":20,"s:38:39:41:1":21,"f:38:39:38:44":7,"s:39:21:39:76":22,"s:40:4:40:Infinity":23}}}
,"/home/ct-20032/Documents/Clustox ATS/frontend/src/api/scorecards.js": {"path":"/home/ct-20032/Documents/Clustox ATS/frontend/src/api/scorecards.js","statementMap":{"0":{"start":{"line":3,"column":37},"end":{"line":6,"column":1}},"1":{"start":{"line":4,"column":21},"end":{"line":4,"column":53}},"2":{"start":{"line":5,"column":4},"end":{"line":5,"column":null}},"3":{"start":{"line":8,"column":36},"end":{"line":11,"column":1}},"4":{"start":{"line":9,"column":21},"end":{"line":9,"column":58}},"5":{"start":{"line":10,"column":4},"end":{"line":10,"column":null}},"6":{"start":{"line":13,"column":39},"end":{"line":16,"column":1}},"7":{"start":{"line":14,"column":21},"end":{"line":14,"column":68}},"8":{"start":{"line":15,"column":4},"end":{"line":15,"column":null}},"9":{"start":{"line":18,"column":39},"end":{"line":21,"column":1}},"10":{"start":{"line":19,"column":21},"end":{"line":19,"column":72}},"11":{"start":{"line":20,"column":4},"end":{"line":20,"column":null}},"12":{"start":{"line":23,"column":39},"end":{"line":26,"column":1}},"13":{"start":{"line":24,"column":21},"end":{"line":24,"column":61}},"14":{"start":{"line":25,"column":4},"end":{"line":25,"column":null}}},"fnMap":{"0":{"name":"(anonymous_0)","decl":{"start":{"line":3,"column":37},"end":{"line":3,"column":42}},"loc":{"start":{"line":3,"column":49},"end":{"line":6,"column":1}},"line":3},"1":{"name":"(anonymous_1)","decl":{"start":{"line":8,"column":36},"end":{"line":8,"column":41}},"loc":{"start":{"line":8,"column":50},"end":{"line":11,"column":1}},"line":8},"2":{"name":"(anonymous_2)","decl":{"start":{"line":13,"column":39},"end":{"line":13,"column":44}},"loc":{"start":{"line":13,"column":63},"end":{"line":16,"column":1}},"line":13},"3":{"name":"(anonymous_3)","decl":{"start":{"line":18,"column":39},"end":{"line":18,"column":44}},"loc":{"start":{"line":18,"column":67},"end":{"line":21,"column":1}},"line":18},"4":{"name":"(anonymous_4)","decl":{"start":{"line":23,"column":39},"end":{"line":23,"column":44}},"loc":{"start":{"line":23,"column":53},"end":{"line":26,"column":1}},"line":23}},"branchMap":{},"s":{"0":1,"1":1,"2":1,"3":1,"4":1,"5":1,"6":1,"7":1,"8":1,"9":1,"10":1,"11":1,"12":1,"13":1,"14":1},"f":{"0":1,"1":1,"2":1,"3":1,"4":1},"b":{},"meta":{"lastBranch":0,"lastFunction":5,"lastStatement":15,"seen":{"s:3:37:6:1":0,"f:3:37:3:42":0,"s:4:21:4:53":1,"s:5:4:5:Infinity":2,"s:8:36:11:1":3,"f:8:36:8:41":1,"s:9:21:9:58":4,"s:10:4:10:Infinity":5,"s:13:39:16:1":6,"f:13:39:13:44":2,"s:14:21:14:68":7,"s:15:4:15:Infinity":8,"s:18:39:21:1":9,"f:18:39:18:44":3,"s:19:21:19:72":10,"s:20:4:20:Infinity":11,"s:23:39:26:1":12,"f:23:39:23:44":4,"s:24:21:24:61":13,"s:25:4:25:Infinity":14}}}
,"/home/ct-20032/Documents/Clustox ATS/frontend/src/context/AuthContext.jsx": {"path":"/home/ct-20032/Documents/Clustox ATS/frontend/src/context/AuthContext.jsx","statementMap":{"0":{"start":{"line":5,"column":6},"end":{"line":5,"column":null}},"1":{"start":{"line":7,"column":28},"end":{"line":111,"column":null}},"2":{"start":{"line":8,"column":24},"end":{"line":8,"column":null}},"3":{"start":{"line":9,"column":26},"end":{"line":9,"column":null}},"4":{"start":{"line":10,"column":30},"end":{"line":10,"column":null}},"5":{"start":{"line":11,"column":44},"end":{"line":11,"column":null}},"6":{"start":{"line":12,"column":46},"end":{"line":12,"column":null}},"7":{"start":{"line":14,"column":27},"end":{"line":17,"column":null}},"8":{"start":{"line":15,"column":8},"end":{"line":15,"column":null}},"9":{"start":{"line":16,"column":8},"end":{"line":16,"column":null}},"10":{"start":{"line":20,"column":4},"end":{"line":22,"column":null}},"11":{"start":{"line":21,"column":8},"end":{"line":21,"column":null}},"12":{"start":{"line":24,"column":10},"end":{"line":24,"column":null}},"13":{"start":{"line":26,"column":10},"end":{"line":32,"column":null}},"14":{"start":{"line":27,"column":8},"end":{"line":27,"column":null}},"15":{"start":{"line":28,"column":8},"end":{"line":28,"column":null}},"16":{"start":{"line":29,"column":8},"end":{"line":29,"column":null}},"17":{"start":{"line":30,"column":8},"end":{"line":30,"column":null}},"18":{"start":{"line":31,"column":8},"end":{"line":31,"column":null}},"19":{"start":{"line":35,"column":4},"end":{"line":42,"column":null}},"20":{"start":{"line":36,"column":37},"end":{"line":39,"column":null}},"21":{"start":{"line":37,"column":12},"end":{"line":37,"column":null}},"22":{"start":{"line":38,"column":12},"end":{"line":38,"column":null}},"23":{"start":{"line":40,"column":8},"end":{"line":40,"column":null}},"24":{"start":{"line":41,"column":8},"end":{"line":41,"column":null}},"25":{"start":{"line":41,"column":21},"end":{"line":41,"column":null}},"26":{"start":{"line":44,"column":22},"end":{"line":61,"column":null}},"27":{"start":{"line":45,"column":8},"end":{"line":60,"column":null}},"28":{"start":{"line":46,"column":12},"end":{"line":49,"column":null}},"29":{"start":{"line":47,"column":16},"end":{"line":47,"column":null}},"30":{"start":{"line":48,"column":16},"end":{"line":48,"column":null}},"31":{"start":{"line":50,"column":29},"end":{"line":50,"column":null}},"32":{"start":{"line":51,"column":12},"end":{"line":51,"column":null}},"33":{"start":{"line":54,"column":12},"end":{"line":57,"column":null}},"34":{"start":{"line":55,"column":16},"end":{"line":55,"column":null}},"35":{"start":{"line":56,"column":16},"end":{"line":56,"column":null}},"36":{"start":{"line":59,"column":12},"end":{"line":59,"column":null}},"37":{"start":{"line":63,"column":4},"end":{"line":65,"column":null}},"38":{"start":{"line":64,"column":8},"end":{"line":64,"column":null}},"39":{"start":{"line":67,"column":18},"end":{"line":88,"column":null}},"40":{"start":{"line":68,"column":23},"end":{"line":68,"column":null}},"41":{"start":{"line":69,"column":8},"end":{"line":69,"column":null}},"42":{"start":{"line":70,"column":8},"end":{"line":70,"column":null}},"43":{"start":{"line":72,"column":8},"end":{"line":87,"column":null}},"44":{"start":{"line":73,"column":29},"end":{"line":77,"column":null}},"45":{"start":{"line":78,"column":37},"end":{"line":78,"column":null}},"46":{"start":{"line":79,"column":12},"end":{"line":79,"column":null}},"47":{"start":{"line":80,"column":12},"end":{"line":80,"column":null}},"48":{"start":{"line":81,"column":12},"end":{"line":81,"column":null}},"49":{"start":{"line":82,"column":12},"end":{"line":82,"column":null}},"50":{"start":{"line":83,"column":12},"end":{"line":83,"column":null}},"51":{"start":{"line":84,"column":12},"end":{"line":84,"column":null}},"52":{"start":{"line":86,"column":12},"end":{"line":86,"column":null}},"53":{"start":{"line":90,"column":32},"end":{"line":90,"column":null}},"54":{"start":{"line":90,"column":38},"end":{"line":90,"column":null}},"55":{"start":{"line":92,"column":18},"end":{"line":104,"column":null}},"56":{"start":{"line":106,"column":4},"end":{"line":109,"column":null}},"57":{"start":{"line":113,"column":23},"end":{"line":115,"column":null}},"58":{"start":{"line":114,"column":4},"end":{"line":114,"column":null}}},"fnMap":{"0":{"name":"(anonymous_0)","decl":{"start":{"line":7,"column":28},"end":{"line":7,"column":29}},"loc":{"start":{"line":7,"column":46},"end":{"line":111,"column":null}},"line":7},"1":{"name":"(anonymous_1)","decl":{"start":{"line":14,"column":27},"end":{"line":14,"column":28}},"loc":{"start":{"line":14,"column":44},"end":{"line":17,"column":null}},"line":14},"2":{"name":"(anonymous_2)","decl":{"start":{"line":26,"column":31},"end":{"line":26,"column":37}},"loc":{"start":{"line":26,"column":37},"end":{"line":32,"column":7}},"line":26},"3":{"name":"(anonymous_3)","decl":{"start":{"line":35,"column":14},"end":{"line":35,"column":20}},"loc":{"start":{"line":35,"column":20},"end":{"line":42,"column":7}},"line":35},"4":{"name":"(anonymous_4)","decl":{"start":{"line":36,"column":37},"end":{"line":36,"column":43}},"loc":{"start":{"line":36,"column":43},"end":{"line":39,"column":null}},"line":36},"5":{"name":"(anonymous_5)","decl":{"start":{"line":41,"column":15},"end":{"line":41,"column":21}},"loc":{"start":{"line":41,"column":21},"end":{"line":41,"column":null}},"line":41},"6":{"name":"(anonymous_6)","decl":{"start":{"line":44,"column":22},"end":{"line":44,"column":34}},"loc":{"start":{"line":44,"column":34},"end":{"line":61,"column":null}},"line":44},"7":{"name":"(anonymous_7)","decl":{"start":{"line":63,"column":14},"end":{"line":63,"column":20}},"loc":{"start":{"line":63,"column":20},"end":{"line":65,"column":7}},"line":63},"8":{"name":"(anonymous_8)","decl":{"start":{"line":67,"column":18},"end":{"line":67,"column":25}},"loc":{"start":{"line":67,"column":45},"end":{"line":88,"column":null}},"line":67},"9":{"name":"(anonymous_9)","decl":{"start":{"line":90,"column":32},"end":{"line":90,"column":38}},"loc":{"start":{"line":90,"column":38},"end":{"line":90,"column":null}},"line":90},"10":{"name":"(anonymous_10)","decl":{"start":{"line":113,"column":23},"end":{"line":113,"column":29}},"loc":{"start":{"line":113,"column":29},"end":{"line":115,"column":null}},"line":113}},"branchMap":{"0":{"loc":{"start":{"line":20,"column":4},"end":{"line":22,"column":null}},"type":"if","locations":[{"start":{"line":20,"column":4},"end":{"line":22,"column":null}},{"start":{},"end":{}}],"line":20},"1":{"loc":{"start":{"line":46,"column":12},"end":{"line":49,"column":null}},"type":"if","locations":[{"start":{"line":46,"column":12},"end":{"line":49,"column":null}},{"start":{},"end":{}}],"line":46},"2":{"loc":{"start":{"line":54,"column":12},"end":{"line":57,"column":null}},"type":"if","locations":[{"start":{"line":54,"column":12},"end":{"line":57,"column":null}},{"start":{},"end":{}}],"line":54},"3":{"loc":{"start":{"line":108,"column":13},"end":{"line":108,"column":null}},"type":"binary-expr","locations":[{"start":{"line":108,"column":13},"end":{"line":108,"column":25}},{"start":{"line":108,"column":25},"end":{"line":108,"column":null}}],"line":108}},"s":{"0":1,"1":1,"2":33,"3":33,"4":33,"5":33,"6":33,"7":33,"8":1,"9":1,"10":33,"11":14,"12":33,"13":33,"14":4,"15":4,"16":4,"17":4,"18":4,"19":33,"20":11,"21":2,"22":2,"23":11,"24":11,"25":11,"26":33,"27":17,"28":17,"29":9,"30":9,"31":8,"32":6,"33":2,"34":1,"35":1,"36":17,"37":33,"38":15,"39":33,"40":2,"41":2,"42":2,"43":2,"44":2,"45":1,"46":1,"47":1,"48":1,"49":1,"50":1,"51":1,"52":1,"53":33,"54":1,"55":33,"56":33,"57":1,"58":20},"f":{"0":33,"1":1,"2":4,"3":11,"4":2,"5":11,"6":17,"7":15,"8":2,"9":1,"10":20},"b":{"0":[14,19],"1":[9,8],"2":[1,1],"3":[33,22]},"meta":{"lastBranch":4,"lastFunction":11,"lastStatement":59,"seen":{"s:5:6:5:Infinity":0,"s:7:28:111:Infinity":1,"f:7:28:7:29":0,"s:8:24:8:Infinity":2,"s:9:26:9:Infinity":3,"s:10:30:10:Infinity":4,"s:11:44:11:Infinity":5,"s:12:46:12:Infinity":6,"s:14:27:17:Infinity":7,"f:14:27:14:28":1,"s:15:8:15:Infinity":8,"s:16:8:16:Infinity":9,"b:20:4:22:Infinity:undefined:undefined:undefined:undefined":0,"s:20:4:22:Infinity":10,"s:21:8:21:Infinity":11,"s:24:10:24:Infinity":12,"s:26:10:32:Infinity":13,"f:26:31:26:37":2,"s:27:8:27:Infinity":14,"s:28:8:28:Infinity":15,"s:29:8:29:Infinity":16,"s:30:8:30:Infinity":17,"s:31:8:31:Infinity":18,"s:35:4:42:Infinity":19,"f:35:14:35:20":3,"s:36:37:39:Infinity":20,"f:36:37:36:43":4,"s:37:12:37:Infinity":21,"s:38:12:38:Infinity":22,"s:40:8:40:Infinity":23,"s:41:8:41:Infinity":24,"f:41:15:41:21":5,"s:41:21:41:Infinity":25,"s:44:22:61:Infinity":26,"f:44:22:44:34":6,"s:45:8:60:Infinity":27,"b:46:12:49:Infinity:undefined:undefined:undefined:undefined":1,"s:46:12:49:Infinity":28,"s:47:16:47:Infinity":29,"s:48:16:48:Infinity":30,"s:50:29:50:Infinity":31,"s:51:12:51:Infinity":32,"b:54:12:57:Infinity:undefined:undefined:undefined:undefined":2,"s:54:12:57:Infinity":33,"s:55:16:55:Infinity":34,"s:56:16:56:Infinity":35,"s:59:12:59:Infinity":36,"s:63:4:65:Infinity":37,"f:63:14:63:20":7,"s:64:8:64:Infinity":38,"s:67:18:88:Infinity":39,"f:67:18:67:25":8,"s:68:23:68:Infinity":40,"s:69:8:69:Infinity":41,"s:70:8:70:Infinity":42,"s:72:8:87:Infinity":43,"s:73:29:77:Infinity":44,"s:78:37:78:Infinity":45,"s:79:12:79:Infinity":46,"s:80:12:80:Infinity":47,"s:81:12:81:Infinity":48,"s:82:12:82:Infinity":49,"s:83:12:83:Infinity":50,"s:84:12:84:Infinity":51,"s:86:12:86:Infinity":52,"s:90:32:90:Infinity":53,"f:90:32:90:38":9,"s:90:38:90:Infinity":54,"s:92:18:104:Infinity":55,"s:106:4:109:Infinity":56,"b:108:13:108:25:108:25:108:Infinity":3,"s:113:23:115:Infinity":57,"f:113:23:113:29":10,"s:114:4:114:Infinity":58}}}
,"/home/ct-20032/Documents/Clustox ATS/frontend/src/store/useDepartmentStore.js": {"path":"/home/ct-20032/Documents/Clustox ATS/frontend/src/store/useDepartmentStore.js","statementMap":{"0":{"start":{"line":3,"column":26},"end":{"line":10,"column":3}},"1":{"start":{"line":3,"column":44},"end":{"line":10,"column":1}},"2":{"start":{"line":7,"column":27},"end":{"line":7,"column":79}},"3":{"start":{"line":8,"column":35},"end":{"line":8,"column":93}},"4":{"start":{"line":9,"column":22},"end":{"line":9,"column":75}}},"fnMap":{"0":{"name":"(anonymous_0)","decl":{"start":{"line":3,"column":34},"end":{"line":3,"column":35}},"loc":{"start":{"line":3,"column":44},"end":{"line":10,"column":1}},"line":3},"1":{"name":"(anonymous_1)","decl":{"start":{"line":7,"column":21},"end":{"line":7,"column":22}},"loc":{"start":{"line":7,"column":27},"end":{"line":7,"column":79}},"line":7},"2":{"name":"(anonymous_2)","decl":{"start":{"line":8,"column":19},"end":{"line":8,"column":20}},"loc":{"start":{"line":8,"column":35},"end":{"line":8,"column":93}},"line":8},"3":{"name":"(anonymous_3)","decl":{"start":{"line":9,"column":16},"end":{"line":9,"column":17}},"loc":{"start":{"line":9,"column":22},"end":{"line":9,"column":75}},"line":9}},"branchMap":{},"s":{"0":1,"1":1,"2":1,"3":1,"4":1},"f":{"0":1,"1":1,"2":1,"3":1},"b":{},"meta":{"lastBranch":0,"lastFunction":4,"lastStatement":5,"seen":{"s:3:26:10:3":0,"f:3:34:3:35":0,"s:3:44:10:1":1,"f:7:21:7:22":1,"s:7:27:7:79":2,"f:8:19:8:20":2,"s:8:35:8:93":3,"f:9:16:9:17":3,"s:9:22:9:75":4}}}
}
